<?xml version="1.0" encoding="UTF-8"?>
<!-- Generated by org.testng.reporters.JUnitXMLReporter -->
<testsuite ignored="0" hostname="VCSERVME" failures="1" tests="1" name="Default test" time="74.614" errors="0" timestamp="2022-12-11T17:03:13 GST">
  <testcase classname="com.servMe.testCases.TC_Reservation_New_Guest_2_copy" name="tc_Reservation_New_Guest_002" time="70.903">
    <failure type="org.openqa.selenium.ElementClickInterceptedException" message="element click intercepted: Element &amp;lt;input type=&amp;quot;radio&amp;quot; ng-model=&amp;quot;form_values.selected_time&amp;quot; ng-value=&amp;quot;date.date_time&amp;quot; required=&amp;quot;&amp;quot; class=&amp;quot;ng-pristine ng-untouched ng-not-empty ng-valid ng-valid-required&amp;quot; name=&amp;quot;656&amp;quot; value=&amp;quot;Sun Dec 11 2022 23:15:00 GMT+0400 (Gulf Standard Time)&amp;quot;&amp;gt; is not clickable at point (1387, 353). Other element would receive the click: &amp;lt;label class=&amp;quot;btn btn-default btn_booking_details ng-binding ng-scope ng-isolate-scope&amp;quot; ng-repeat=&amp;quot;date in time_array&amp;quot; ng-class=&amp;quot;{&amp;apos;disabled&amp;apos;: date.is_blocked, active: check_selected_time(date.date_time)}&amp;quot; ng-click=&amp;quot;time_clicked(date);&amp;quot; nano-scroll=&amp;quot;&amp;quot; nano-container-selector=&amp;quot;#time_container&amp;quot;&amp;gt;...&amp;lt;/label&amp;gt;
  (Session info: chrome=108.0.5359.95)
Build info: version: &amp;apos;4.5.3&amp;apos;, revision: &amp;apos;4b786a1e430&amp;apos;
System info: os.name: &amp;apos;Windows 11&amp;apos;, os.arch: &amp;apos;amd64&amp;apos;, os.version: &amp;apos;10.0&amp;apos;, java.version: &amp;apos;18.0.1.1&amp;apos;
Driver info: org.openqa.selenium.chrome.ChromeDriver
Command: [016dfcdfa586de5a89eff802846133bc, clickElement {id=a82e2f3b-364d-46b2-b59a-255f88dc81b9}]
Capabilities {acceptInsecureCerts: false, browserName: chrome, browserVersion: 108.0.5359.95, chrome: {chromedriverVersion: 107.0.5304.62 (1eec40d3a576..., userDataDir: C:\Users\VIVEKC~1\AppData\L...}, goog:chromeOptions: {debuggerAddress: localhost:56174}, networkConnectionEnabled: false, pageLoadStrategy: normal, platformName: WINDOWS, proxy: Proxy(), se:cdp: ws://localhost:56174/devtoo..., se:cdpVersion: 108.0.5359.95, setWindowRect: true, strictFileInteractability: false, timeouts: {implicit: 0, pageLoad: 300000, script: 30000}, unhandledPromptBehavior: dismiss and notify, webauthn:extension:credBlob: true, webauthn:extension:largeBlob: true, webauthn:virtualAuthenticators: true}
Element: [[ChromeDriver: chrome on WINDOWS (016dfcdfa586de5a89eff802846133bc)] -&amp;gt; xpath: //input[contains(@value,&amp;apos;23:15:00 GMT+0400 (Gulf Standard Time)&amp;apos;)]]
Session ID: 016dfcdfa586de5a89eff802846133bc">
      <![CDATA[org.openqa.selenium.ElementClickInterceptedException: element click intercepted: Element <input type="radio" ng-model="form_values.selected_time" ng-value="date.date_time" required="" class="ng-pristine ng-untouched ng-not-empty ng-valid ng-valid-required" name="656" value="Sun Dec 11 2022 23:15:00 GMT+0400 (Gulf Standard Time)"> is not clickable at point (1387, 353). Other element would receive the click: <label class="btn btn-default btn_booking_details ng-binding ng-scope ng-isolate-scope" ng-repeat="date in time_array" ng-class="{'disabled': date.is_blocked, active: check_selected_time(date.date_time)}" ng-click="time_clicked(date);" nano-scroll="" nano-container-selector="#time_container">...</label>
  (Session info: chrome=108.0.5359.95)
Build info: version: '4.5.3', revision: '4b786a1e430'
System info: os.name: 'Windows 11', os.arch: 'amd64', os.version: '10.0', java.version: '18.0.1.1'
Driver info: org.openqa.selenium.chrome.ChromeDriver
Command: [016dfcdfa586de5a89eff802846133bc, clickElement {id=a82e2f3b-364d-46b2-b59a-255f88dc81b9}]
Capabilities {acceptInsecureCerts: false, browserName: chrome, browserVersion: 108.0.5359.95, chrome: {chromedriverVersion: 107.0.5304.62 (1eec40d3a576..., userDataDir: C:\Users\VIVEKC~1\AppData\L...}, goog:chromeOptions: {debuggerAddress: localhost:56174}, networkConnectionEnabled: false, pageLoadStrategy: normal, platformName: WINDOWS, proxy: Proxy(), se:cdp: ws://localhost:56174/devtoo..., se:cdpVersion: 108.0.5359.95, setWindowRect: true, strictFileInteractability: false, timeouts: {implicit: 0, pageLoad: 300000, script: 30000}, unhandledPromptBehavior: dismiss and notify, webauthn:extension:credBlob: true, webauthn:extension:largeBlob: true, webauthn:virtualAuthenticators: true}
Element: [[ChromeDriver: chrome on WINDOWS (016dfcdfa586de5a89eff802846133bc)] -> xpath: //input[contains(@value,'23:15:00 GMT+0400 (Gulf Standard Time)')]]
Session ID: 016dfcdfa586de5a89eff802846133bc
at java.base/jdk.internal.reflect.DirectConstructorHandleAccessor.newInstance(DirectConstructorHandleAccessor.java:67)
at java.base/java.lang.reflect.Constructor.newInstanceWithCaller(Constructor.java:499)
at java.base/java.lang.reflect.Constructor.newInstance(Constructor.java:483)
at org.openqa.selenium.remote.codec.w3c.W3CHttpResponseCodec.createException(W3CHttpResponseCodec.java:200)
at org.openqa.selenium.remote.codec.w3c.W3CHttpResponseCodec.decode(W3CHttpResponseCodec.java:133)
at org.openqa.selenium.remote.codec.w3c.W3CHttpResponseCodec.decode(W3CHttpResponseCodec.java:53)
at org.openqa.selenium.remote.HttpCommandExecutor.execute(HttpCommandExecutor.java:184)
at org.openqa.selenium.remote.service.DriverCommandExecutor.invokeExecute(DriverCommandExecutor.java:167)
at org.openqa.selenium.remote.service.DriverCommandExecutor.execute(DriverCommandExecutor.java:142)
at org.openqa.selenium.remote.RemoteWebDriver.execute(RemoteWebDriver.java:541)
at org.openqa.selenium.remote.RemoteWebElement.execute(RemoteWebElement.java:257)
at org.openqa.selenium.remote.RemoteWebElement.click(RemoteWebElement.java:78)
at java.base/jdk.internal.reflect.DirectMethodHandleAccessor.invoke(DirectMethodHandleAccessor.java:104)
at java.base/java.lang.reflect.Method.invoke(Method.java:577)
at org.openqa.selenium.support.pagefactory.internal.LocatingElementHandler.invoke(LocatingElementHandler.java:52)
at jdk.proxy2/jdk.proxy2.$Proxy17.click(Unknown Source)
at com.servMe.pageObjects.Add_Reservation.selectTime(Add_Reservation.java:95)
at com.servMe.testCases.TC_Reservation_New_Guest_2_copy.tc_Reservation_New_Guest_002(TC_Reservation_New_Guest_2_copy.java:86)
at java.base/jdk.internal.reflect.DirectMethodHandleAccessor.invoke(DirectMethodHandleAccessor.java:104)
at java.base/java.lang.reflect.Method.invoke(Method.java:577)
at org.testng.internal.MethodInvocationHelper.invokeMethod(MethodInvocationHelper.java:133)
at org.testng.internal.TestInvoker.invokeMethod(TestInvoker.java:598)
at org.testng.internal.TestInvoker.invokeTestMethod(TestInvoker.java:173)
at org.testng.internal.MethodRunner.runInSequence(MethodRunner.java:46)
at org.testng.internal.TestInvoker$MethodInvocationAgent.invoke(TestInvoker.java:824)
at org.testng.internal.TestInvoker.invokeTestMethods(TestInvoker.java:146)
at org.testng.internal.TestMethodWorker.invokeTestMethods(TestMethodWorker.java:146)
at org.testng.internal.TestMethodWorker.run(TestMethodWorker.java:128)
at java.base/java.util.ArrayList.forEach(ArrayList.java:1511)
at org.testng.TestRunner.privateRun(TestRunner.java:794)
at org.testng.TestRunner.run(TestRunner.java:596)
at org.testng.SuiteRunner.runTest(SuiteRunner.java:377)
at org.testng.SuiteRunner.runSequentially(SuiteRunner.java:371)
at org.testng.SuiteRunner.privateRun(SuiteRunner.java:332)
at org.testng.SuiteRunner.run(SuiteRunner.java:276)
at org.testng.SuiteRunnerWorker.runSuite(SuiteRunnerWorker.java:53)
at org.testng.SuiteRunnerWorker.run(SuiteRunnerWorker.java:96)
at org.testng.TestNG.runSuitesSequentially(TestNG.java:1212)
at org.testng.TestNG.runSuitesLocally(TestNG.java:1134)
at org.testng.TestNG.runSuites(TestNG.java:1063)
at org.testng.TestNG.run(TestNG.java:1031)
at org.testng.remote.AbstractRemoteTestNG.run(AbstractRemoteTestNG.java:115)
at org.testng.remote.RemoteTestNG.initAndRun(RemoteTestNG.java:251)
at org.testng.remote.RemoteTestNG.main(RemoteTestNG.java:77)
]]>
    </failure>
  </testcase> <!-- tc_Reservation_New_Guest_002 -->
</testsuite> <!-- Default test -->
